生成启动时间为 2021/5/8 11:51:30。
     1>项目“C:\Users\LEGLON\documents\visual studio 2010\Projects\WordCount\WordCount\WordCount.vcxproj”在节点 2 上(build 个目标)。
     1>InitializeBuildStatus:
         正在创建“Debug\WordCount.unsuccessfulbuild”，因为已指定“AlwaysCreate”。
       ClCompile:
         D:\vsut\VC\bin\CL.exe /c /ZI /nologo /W3 /WX- /Od /Oy- /D WIN32 /D _DEBUG /D _CONSOLE /D _UNICODE /D UNICODE /Gm /EHsc /RTC1 /MDd /GS /fp:precise /Zc:wchar_t /Zc:forScope /Fo"Debug\\" /Fd"Debug\vc100.pdb" /Gd /TP /analyze- /errorReport:prompt h.cpp WordCount.cpp
         WordCount.cpp
     1>c:\users\leglon\documents\visual studio 2010\projects\wordcount\wordcount\wordcount.cpp(19): warning C4996: 'fopen': This function or variable may be unsafe. Consider using fopen_s instead. To disable deprecation, use _CRT_SECURE_NO_WARNINGS. See online help for details.
                 d:\vsut\vc\include\stdio.h(234) : 参见“fopen”的声明
     1>c:\users\leglon\documents\visual studio 2010\projects\wordcount\wordcount\wordcount.cpp(18): warning C4101: “data”: 未引用的局部变量
         h.cpp
     1>c:\users\leglon\documents\visual studio 2010\projects\wordcount\wordcount\h.cpp(27): warning C4996: 'fopen': This function or variable may be unsafe. Consider using fopen_s instead. To disable deprecation, use _CRT_SECURE_NO_WARNINGS. See online help for details.
                 d:\vsut\vc\include\stdio.h(234) : 参见“fopen”的声明
     1>c:\users\leglon\documents\visual studio 2010\projects\wordcount\wordcount\h.cpp(26): warning C4101: “data”: 未引用的局部变量
         正在生成代码...
       ManifestResourceCompile:
         所有输出均为最新。
       Link:
         D:\vsut\VC\bin\link.exe /ERRORREPORT:PROMPT /OUT:"C:\Users\LEGLON\documents\visual studio 2010\Projects\WordCount\Debug\WordCount.exe" /INCREMENTAL /NOLOGO kernel32.lib user32.lib gdi32.lib winspool.lib comdlg32.lib advapi32.lib shell32.lib ole32.lib oleaut32.lib uuid.lib odbc32.lib odbccp32.lib /MANIFEST /ManifestFile:"Debug\WordCount.exe.intermediate.manifest" /MANIFESTUAC:"level='asInvoker' uiAccess='false'" /DEBUG /PDB:"C:\Users\LEGLON\documents\visual studio 2010\Projects\WordCount\Debug\WordCount.pdb" /SUBSYSTEM:CONSOLE /TLBID:1 /DYNAMICBASE /NXCOMPAT /IMPLIB:"C:\Users\LEGLON\documents\visual studio 2010\Projects\WordCount\Debug\WordCount.lib" /MACHINE:X86 Debug\WordCount.exe.embed.manifest.res
         Debug\h.obj
         Debug\stdafx.obj
         Debug\WordCount.obj
       Manifest:
         C:\Program Files (x86)\Microsoft SDKs\Windows\v7.0A\bin\mt.exe /nologo /verbose /out:"Debug\WordCount.exe.embed.manifest" /manifest Debug\WordCount.exe.intermediate.manifest
         所有输出均为最新。
       LinkEmbedManifest:
         所有输出均为最新。
         WordCount.vcxproj -> C:\Users\LEGLON\documents\visual studio 2010\Projects\WordCount\Debug\WordCount.exe
       FinalizeBuildStatus:
         正在删除文件“Debug\WordCount.unsuccessfulbuild”。
         正在对“Debug\WordCount.lastbuildstate”执行 Touch 任务。
     1>已完成生成项目“C:\Users\LEGLON\documents\visual studio 2010\Projects\WordCount\WordCount\WordCount.vcxproj”(build 个目标)的操作。

生成成功。

已用时间 00:00:00.63
